2015-03-04 10:02:43.9326 INFO DataInitializer
2015-03-04 10:13:33.3924 INFO DataInitializer
2015-03-04 10:25:02.1105 INFO DataInitializer
2015-03-04 10:29:10.0345 INFO DataInitializer
2015-03-04 10:31:36.0405 INFO DataInitializer
2015-03-04 10:34:40.8715 INFO DataInitializer
2015-03-04 10:40:02.4949 INFO DataInitializer
2015-03-04 10:42:41.0537 INFO DataInitializer
2015-03-04 10:42:45.5647 INFO DataInitializer
2015-03-04 10:42:48.2347 INFO DataInitializer
2015-03-04 10:43:21.8761 INFO DataInitializer
2015-03-04 11:21:59.3597 INFO DataInitializer
2015-03-04 11:55:21.1493 INFO DataInitializer
2015-03-04 11:56:03.3799 ERROR Add Class : Fail : '401'  Exist
2015-03-04 11:56:15.4031 INFO Add Class : 101
2015-03-04 11:56:16.3632 INFO Add Class : 102
2015-03-04 15:29:24.6008 INFO DataInitializer
2015-03-04 15:30:39.4214 INFO DataInitializer
2015-03-04 15:33:25.5599 INFO DataInitializer
2015-03-04 15:36:05.2361 INFO DataInitializer
2015-03-04 15:42:22.3618 INFO DataInitializer
2015-03-04 15:43:09.3007 INFO Update Class : 101
2015-03-04 15:46:56.2084 INFO DataInitializer
2015-03-04 15:47:49.0485 INFO Delete Class : 101
2015-03-04 15:49:18.5053 INFO DataInitializer
2015-03-04 15:49:22.2354 INFO Add Class : 101
