2015-03-05 16:16:11.0128 INFO DataInitializer
2015-03-05 16:19:15.4918 INFO DataInitializer
2015-03-05 16:20:29.4481 INFO DataInitializer
2015-03-05 16:20:55.5133 ERROR Add Class : Fail : '401'  Exist
2015-03-05 16:21:01.7764 INFO DataInitializer
2015-03-05 16:21:06.1174 ERROR Add Class : Fail : '401'  Exist
2015-03-05 16:21:55.9889 INFO DataInitializer
2015-03-05 16:21:59.3390 INFO Add Class : 101
2015-03-05 16:22:00.7100 INFO Add Class : 102
2015-03-05 16:22:38.9174 INFO DataInitializer
2015-03-05 16:23:28.4839 INFO DataInitializer
2015-03-05 16:25:13.0140 INFO DataInitializer
2015-03-05 16:26:56.2532 INFO DataInitializer
2015-03-05 16:27:08.0464 INFO Add Student : 1
2015-03-05 16:27:44.8757 INFO Update Class : 101
2015-03-05 16:28:26.0372 INFO DataInitializer
2015-03-05 16:28:29.0582 ERROR Add Student : Fail : '1'  Exist
2015-03-05 16:28:29.2382 INFO Add Student : 2
2015-03-05 16:28:29.2882 INFO Update Class : 101
2015-03-05 16:28:29.2882 INFO Add Student : 1
2015-03-05 16:28:29.3082 INFO Update Class : 102
2015-03-05 16:28:29.3082 INFO Add Student : 3
2015-03-05 16:28:29.3282 INFO Update Class : 101
2015-03-05 16:37:59.8324 INFO DataInitializer
2015-03-05 16:44:54.5731 INFO DataInitializer
